[27-Jun-2017 16:20:54 UTC] PHP Warning:  require(funciones.php): failed to open stream: No such file or directory in /home/ubuntu/workspace/php/login.php on line 2
[27-Jun-2017 16:20:54 UTC] PHP Stack trace:
[27-Jun-2017 16:20:54 UTC] PHP   1. {main}() /home/ubuntu/workspace/php/login.php:0
[27-Jun-2017 16:20:54 UTC] PHP Fatal error:  require(): Failed opening required 'funciones.php' (include_path='.:/usr/share/php:/usr/share/pear') in /home/ubuntu/workspace/php/login.php on line 2
[27-Jun-2017 16:20:54 UTC] PHP Stack trace:
[27-Jun-2017 16:20:54 UTC] PHP   1. {main}() /home/ubuntu/workspace/php/login.php:0
[27-Jun-2017 16:22:31 UTC] PHP Warning:  require(funciones.php): failed to open stream: No such file or directory in /home/ubuntu/workspace/php/login.php on line 2
[27-Jun-2017 16:22:31 UTC] PHP Stack trace:
[27-Jun-2017 16:22:31 UTC] PHP   1. {main}() /home/ubuntu/workspace/php/login.php:0
[27-Jun-2017 16:22:31 UTC] PHP Fatal error:  require(): Failed opening required 'funciones.php' (include_path='.:/usr/share/php:/usr/share/pear') in /home/ubuntu/workspace/php/login.php on line 2
[27-Jun-2017 16:22:31 UTC] PHP Stack trace:
[27-Jun-2017 16:22:31 UTC] PHP   1. {main}() /home/ubuntu/workspace/php/login.php:0
[27-Jun-2017 16:22:36 UTC] PHP Warning:  require(funciones.php): failed to open stream: No such file or directory in /home/ubuntu/workspace/php/login.php on line 2
[27-Jun-2017 16:22:36 UTC] PHP Stack trace:
[27-Jun-2017 16:22:36 UTC] PHP   1. {main}() /home/ubuntu/workspace/php/login.php:0
[27-Jun-2017 16:22:36 UTC] PHP Fatal error:  require(): Failed opening required 'funciones.php' (include_path='.:/usr/share/php:/usr/share/pear') in /home/ubuntu/workspace/php/login.php on line 2
[27-Jun-2017 16:22:36 UTC] PHP Stack trace:
[27-Jun-2017 16:22:36 UTC] PHP   1. {main}() /home/ubuntu/workspace/php/login.php:0
[27-Jun-2017 16:23:31 UTC] PHP Parse error:  syntax error, unexpected '$usuario' (T_VARIABLE) in /home/ubuntu/workspace/php/login.php on line 17
[27-Jun-2017 16:24:17 UTC] PHP Parse error:  syntax error, unexpected '$usuario' (T_VARIABLE) in /home/ubuntu/workspace/php/login.php on line 17
[27-Jun-2017 16:25:50 UTC] PHP Parse error:  syntax error, unexpected '$usuario' (T_VARIABLE) in /home/ubuntu/workspace/php/login.php on line 17
[27-Jun-2017 16:25:57 UTC] PHP Parse error:  syntax error, unexpected '$usuario' (T_VARIABLE) in /home/ubuntu/workspace/php/login.php on line 17
[27-Jun-2017 16:27:02 UTC] PHP Warning:  include(home.php): failed to open stream: No such file or directory in /home/ubuntu/workspace/php/login.php on line 52
[27-Jun-2017 16:27:02 UTC] PHP Stack trace:
[27-Jun-2017 16:27:02 UTC] PHP   1. {main}() /home/ubuntu/workspace/php/login.php:0
[27-Jun-2017 16:27:02 UTC] PHP Warning:  include(): Failed opening 'home.php' for inclusion (include_path='.:/usr/share/php:/usr/share/pear') in /home/ubuntu/workspace/php/login.php on line 52
[27-Jun-2017 16:27:02 UTC] PHP Stack trace:
[27-Jun-2017 16:27:02 UTC] PHP   1. {main}() /home/ubuntu/workspace/php/login.php:0
[27-Jun-2017 12:21:36 America/Bogota] PHP Warning:  include(home.php): failed to open stream: No such file or directory in /home/ubuntu/workspace/php/index.php on line 210
[27-Jun-2017 12:21:36 America/Bogota] PHP Stack trace:
[27-Jun-2017 12:21:36 America/Bogota] PHP   1. {main}() /home/ubuntu/workspace/php/index.php:0
[27-Jun-2017 12:21:36 America/Bogota] PHP Warning:  include(): Failed opening 'home.php' for inclusion (include_path='.:/usr/share/php:/usr/share/pear') in /home/ubuntu/workspace/php/index.php on line 210
[27-Jun-2017 12:21:36 America/Bogota] PHP Stack trace:
[27-Jun-2017 12:21:36 America/Bogota] PHP   1. {main}() /home/ubuntu/workspace/php/index.php:0
[27-Jun-2017 12:22:12 America/Bogota] PHP Warning:  include(home.php): failed to open stream: No such file or directory in /home/ubuntu/workspace/php/index.php on line 210
[27-Jun-2017 12:22:12 America/Bogota] PHP Stack trace:
[27-Jun-2017 12:22:12 America/Bogota] PHP   1. {main}() /home/ubuntu/workspace/php/index.php:0
[27-Jun-2017 12:22:12 America/Bogota] PHP Warning:  include(): Failed opening 'home.php' for inclusion (include_path='.:/usr/share/php:/usr/share/pear') in /home/ubuntu/workspace/php/index.php on line 210
[27-Jun-2017 12:22:12 America/Bogota] PHP Stack trace:
[27-Jun-2017 12:22:12 America/Bogota] PHP   1. {main}() /home/ubuntu/workspace/php/index.php:0
[27-Jun-2017 14:38:55 America/Bogota] PHP Fatal error:  Call to a member function query() on a non-object in /home/ubuntu/workspace/php/avatar.php on line 42
[27-Jun-2017 14:38:55 America/Bogota] PHP Stack trace:
[27-Jun-2017 14:38:55 America/Bogota] PHP   1. {main}() /home/ubuntu/workspace/php/avatar.php:0
[27-Jun-2017 14:38:55 America/Bogota] PHP   2. buscar_avatar() /home/ubuntu/workspace/php/avatar.php:210
[29-Jun-2017 18:09:14 America/Bogota] PHP Fatal error:  Call to a member function query() on a non-object in /home/ubuntu/workspace/php/usuarios.php on line 43
[29-Jun-2017 18:09:14 America/Bogota] PHP Stack trace:
[29-Jun-2017 18:09:14 America/Bogota] PHP   1. {main}() /home/ubuntu/workspace/php/usuarios.php:0
[29-Jun-2017 18:09:14 America/Bogota] PHP   2. buscar_usuarios() /home/ubuntu/workspace/php/usuarios.php:334
[29-Jun-2017 18:09:19 America/Bogota] PHP Fatal error:  Call to a member function query() on a non-object in /home/ubuntu/workspace/php/usuarios.php on line 43
[29-Jun-2017 18:09:19 America/Bogota] PHP Stack trace:
[29-Jun-2017 18:09:19 America/Bogota] PHP   1. {main}() /home/ubuntu/workspace/php/usuarios.php:0
[29-Jun-2017 18:09:19 America/Bogota] PHP   2. buscar_usuarios() /home/ubuntu/workspace/php/usuarios.php:334
[29-Jun-2017 18:09:25 America/Bogota] PHP Fatal error:  Call to a member function query() on a non-object in /home/ubuntu/workspace/php/elementos_juego.php on line 35
[29-Jun-2017 18:09:25 America/Bogota] PHP Stack trace:
[29-Jun-2017 18:09:25 America/Bogota] PHP   1. {main}() /home/ubuntu/workspace/php/elementos_juego.php:0
[29-Jun-2017 18:09:25 America/Bogota] PHP   2. buscar_elementos_juego() /home/ubuntu/workspace/php/elementos_juego.php:189
[29-Jun-2017 18:09:30 America/Bogota] PHP Fatal error:  Call to a member function query() on a non-object in /home/ubuntu/workspace/php/insignia.php on line 42
[29-Jun-2017 18:09:30 America/Bogota] PHP Stack trace:
[29-Jun-2017 18:09:30 America/Bogota] PHP   1. {main}() /home/ubuntu/workspace/php/insignia.php:0
[29-Jun-2017 18:09:30 America/Bogota] PHP   2. buscar_insignia() /home/ubuntu/workspace/php/insignia.php:213
[29-Jun-2017 18:09:39 America/Bogota] PHP Fatal error:  Call to a member function query() on a non-object in /home/ubuntu/workspace/php/insignia.php on line 42
[29-Jun-2017 18:09:39 America/Bogota] PHP Stack trace:
[29-Jun-2017 18:09:39 America/Bogota] PHP   1. {main}() /home/ubuntu/workspace/php/insignia.php:0
[29-Jun-2017 18:09:39 America/Bogota] PHP   2. buscar_insignia() /home/ubuntu/workspace/php/insignia.php:213
[30-Jun-2017 09:42:16 America/Bogota] PHP Warning:  include(home.php): failed to open stream: No such file or directory in /home/ubuntu/workspace/php/reporte.php on line 65
[30-Jun-2017 09:42:16 America/Bogota] PHP Stack trace:
[30-Jun-2017 09:42:16 America/Bogota] PHP   1. {main}() /home/ubuntu/workspace/php/reporte.php:0
[30-Jun-2017 09:42:16 America/Bogota] PHP Warning:  include(): Failed opening 'home.php' for inclusion (include_path='.:/usr/share/php:/usr/share/pear') in /home/ubuntu/workspace/php/reporte.php on line 65
[30-Jun-2017 09:42:16 America/Bogota] PHP Stack trace:
[30-Jun-2017 09:42:16 America/Bogota] PHP   1. {main}() /home/ubuntu/workspace/php/reporte.php:0
